<?xml version="1.0" encoding="UTF-8" ?>
<testsuite tests="1" failures="1" name="Header.HeaderRunner" time="9.163" errors="0" skipped="0">
  <properties>
    <property name="java.runtime.name" value="Java(TM) SE Runtime Environment"/>
    <property name="sun.boot.library.path" value="/Library/Java/JavaVirtualMachines/jdk1.8.0_172.jdk/Contents/Home/jre/lib"/>
    <property name="java.vm.version" value="25.172-b11"/>
    <property name="gopherProxySet" value="false"/>
    <property name="java.vm.vendor" value="Oracle Corporation"/>
    <property name="maven.multiModuleProjectDirectory" value="/Users/shivamgarg/eclipse-workspace/karateDemo"/>
    <property name="java.vendor.url" value="http://java.oracle.com/"/>
    <property name="path.separator" value=":"/>
    <property name="guice.disable.misplaced.annotation.check" value="true"/>
    <property name="java.vm.name" value="Java HotSpot(TM) 64-Bit Server VM"/>
    <property name="file.encoding.pkg" value="sun.io"/>
    <property name="user.country" value="IN"/>
    <property name="sun.java.launcher" value="SUN_STANDARD"/>
    <property name="sun.os.patch.level" value="unknown"/>
    <property name="java.vm.specification.name" value="Java Virtual Machine Specification"/>
    <property name="user.dir" value="/Users/shivamgarg/eclipse-workspace/karateDemo"/>
    <property name="java.runtime.version" value="1.8.0_172-b11"/>
    <property name="java.awt.graphicsenv" value="sun.awt.CGraphicsEnvironment"/>
    <property name="java.endorsed.dirs" value="/Library/Java/JavaVirtualMachines/jdk1.8.0_172.jdk/Contents/Home/jre/lib/endorsed"/>
    <property name="os.arch" value="x86_64"/>
    <property name="java.io.tmpdir" value="/var/folders/3k/ywqcnvn109310bph35mvzyf40000gn/T/"/>
    <property name="line.separator" value="
"/>
    <property name="java.vm.specification.vendor" value="Oracle Corporation"/>
    <property name="os.name" value="Mac OS X"/>
    <property name="classworlds.conf" value="/Users/shivamgarg/eclipse-workspace/.metadata/.plugins/org.eclipse.m2e.launching/launches/m2conf1150114616991425395.tmp"/>
    <property name="sun.jnu.encoding" value="UTF-8"/>
    <property name="java.library.path" value="/Users/shivamgarg/Library/Java/Extensions:/Library/Java/Extensions:/Network/Library/Java/Extensions:/System/Library/Java/Extensions:/usr/lib/java:."/>
    <property name="java.specification.name" value="Java Platform API Specification"/>
    <property name="java.class.version" value="52.0"/>
    <property name="sun.management.compiler" value="HotSpot 64-Bit Tiered Compilers"/>
    <property name="os.version" value="10.13.5"/>
    <property name="http.nonProxyHosts" value="local|*.local|169.254/16|*.169.254/16"/>
    <property name="user.home" value="/Users/shivamgarg"/>
    <property name="user.timezone" value="Asia/Kolkata"/>
    <property name="java.awt.printerjob" value="sun.lwawt.macosx.CPrinterJob"/>
    <property name="java.specification.version" value="1.8"/>
    <property name="file.encoding" value="UTF-8"/>
    <property name="user.name" value="shivamgarg"/>
    <property name="java.class.path" value="/Users/shivamgarg/.p2/pool/plugins/org.eclipse.m2e.maven.runtime_1.8.3.20180227-2135/jars/plexus-classworlds-2.5.2.jar"/>
    <property name="java.vm.specification.version" value="1.8"/>
    <property name="sun.arch.data.model" value="64"/>
    <property name="java.home" value="/Library/Java/JavaVirtualMachines/jdk1.8.0_172.jdk/Contents/Home/jre"/>
    <property name="sun.java.command" value="org.codehaus.plexus.classworlds.launcher.Launcher -B clean install"/>
    <property name="java.specification.vendor" value="Oracle Corporation"/>
    <property name="user.language" value="en"/>
    <property name="awt.toolkit" value="sun.lwawt.macosx.LWCToolkit"/>
    <property name="java.vm.info" value="mixed mode"/>
    <property name="java.version" value="1.8.0_172"/>
    <property name="java.ext.dirs" value="/Users/shivamgarg/Library/Java/Extensions:/Library/Java/JavaVirtualMachines/jdk1.8.0_172.jdk/Contents/Home/jre/lib/ext:/Library/Java/Extensions:/Network/Library/Java/Extensions:/System/Library/Java/Extensions:/usr/lib/java"/>
    <property name="sun.boot.class.path" value="/Library/Java/JavaVirtualMachines/jdk1.8.0_172.jdk/Contents/Home/jre/lib/resources.jar:/Library/Java/JavaVirtualMachines/jdk1.8.0_172.jdk/Contents/Home/jre/lib/rt.jar:/Library/Java/JavaVirtualMachines/jdk1.8.0_172.jdk/Contents/Home/jre/lib/sunrsasign.jar:/Library/Java/JavaVirtualMachines/jdk1.8.0_172.jdk/Contents/Home/jre/lib/jsse.jar:/Library/Java/JavaVirtualMachines/jdk1.8.0_172.jdk/Contents/Home/jre/lib/jce.jar:/Library/Java/JavaVirtualMachines/jdk1.8.0_172.jdk/Contents/Home/jre/lib/charsets.jar:/Library/Java/JavaVirtualMachines/jdk1.8.0_172.jdk/Contents/Home/jre/lib/jfr.jar:/Library/Java/JavaVirtualMachines/jdk1.8.0_172.jdk/Contents/Home/jre/classes"/>
    <property name="java.vendor" value="Oracle Corporation"/>
    <property name="maven.home" value="/Users/shivamgarg/eclipse-workspace/karateDemo/EMBEDDED"/>
    <property name="file.separator" value="/"/>
    <property name="java.vendor.url.bug" value="http://bugreport.sun.com/bugreport/"/>
    <property name="sun.cpu.endian" value="little"/>
    <property name="sun.io.unicode.encoding" value="UnicodeBig"/>
    <property name="socksNonProxyHosts" value="local|*.local|169.254/16|*.169.254/16"/>
    <property name="ftp.nonProxyHosts" value="local|*.local|169.254/16|*.169.254/16"/>
    <property name="sun.cpu.isalist" value=""/>
  </properties>
  <testcase classname="Header.HeaderRunner" name="testParallel" time="9.091">
    <failure message="there are scenario failures" type="java.lang.AssertionError">java.lang.AssertionError: there are scenario failures
	at org.junit.Assert.fail(Assert.java:88)
	at org.junit.Assert.assertTrue(Assert.java:41)
	at runners.GenerateReport.testParallel(GenerateReport.java:31)
	at sun.reflect.NativeMethodAccessorImpl.invoke0(Native Method)
	at sun.reflect.NativeMethodAccessorImpl.invoke(NativeMethodAccessorImpl.java:62)
	at sun.reflect.DelegatingMethodAccessorImpl.invoke(DelegatingMethodAccessorImpl.java:43)
	at java.lang.reflect.Method.invoke(Method.java:498)
	at org.junit.runners.model.FrameworkMethod$1.runReflectiveCall(FrameworkMethod.java:50)
	at org.junit.internal.runners.model.ReflectiveCallable.run(ReflectiveCallable.java:12)
	at org.junit.runners.model.FrameworkMethod.invokeExplosively(FrameworkMethod.java:47)
	at org.junit.internal.runners.statements.InvokeMethod.evaluate(InvokeMethod.java:17)
	at org.junit.runners.ParentRunner.runLeaf(ParentRunner.java:325)
	at org.junit.runners.BlockJUnit4ClassRunner.runChild(BlockJUnit4ClassRunner.java:78)
	at org.junit.runners.BlockJUnit4ClassRunner.runChild(BlockJUnit4ClassRunner.java:57)
	at org.junit.runners.ParentRunner$3.run(ParentRunner.java:290)
	at org.junit.runners.ParentRunner$1.schedule(ParentRunner.java:71)
	at org.junit.runners.ParentRunner.runChildren(ParentRunner.java:288)
	at org.junit.runners.ParentRunner.access$000(ParentRunner.java:58)
	at org.junit.runners.ParentRunner$2.evaluate(ParentRunner.java:268)
	at org.junit.internal.runners.statements.RunBefores.evaluate(RunBefores.java:26)
	at org.junit.runners.ParentRunner.run(ParentRunner.java:363)
	at org.apache.maven.surefire.junit4.JUnit4TestSet.execute(JUnit4TestSet.java:53)
	at org.apache.maven.surefire.junit4.JUnit4Provider.executeTestSet(JUnit4Provider.java:123)
	at org.apache.maven.surefire.junit4.JUnit4Provider.invoke(JUnit4Provider.java:104)
	at sun.reflect.NativeMethodAccessorImpl.invoke0(Native Method)
	at sun.reflect.NativeMethodAccessorImpl.invoke(NativeMethodAccessorImpl.java:62)
	at sun.reflect.DelegatingMethodAccessorImpl.invoke(DelegatingMethodAccessorImpl.java:43)
	at java.lang.reflect.Method.invoke(Method.java:498)
	at org.apache.maven.surefire.util.ReflectionUtils.invokeMethodWithArray(ReflectionUtils.java:164)
	at org.apache.maven.surefire.booter.ProviderFactory$ProviderProxy.invoke(ProviderFactory.java:110)
	at org.apache.maven.surefire.booter.SurefireStarter.invokeProvider(SurefireStarter.java:175)
	at org.apache.maven.surefire.booter.SurefireStarter.runSuitesInProcessWhenForked(SurefireStarter.java:107)
	at org.apache.maven.surefire.booter.ForkedBooter.main(ForkedBooter.java:68)
</failure>
    <system-out>22:51:28.911 [pool-1-thread-1] DEBUG com.intuit.karate - 
1 &gt; POST http://dev.mito.hu/oneapp/login/
1 &gt; Accept-Encoding: gzip,deflate
1 &gt; Authorization: mito_mock_api_key_12as51-gfhkn3-132
1 &gt; Connection: Keep-Alive
1 &gt; Content-Length: 45
1 &gt; Content-Type: application/json; charset=UTF-8
1 &gt; Host: dev.mito.hu
1 &gt; User-Agent: Apache-HttpClient/4.5.4 (Java/1.8.0_172)
1 &gt; X-Client-Version: 0.33.0 (8) @ 8-91796ed (master)
1 &gt; X-Request-Session-Id: b223ea7a-7204-46ea-b010-af0c19c937c8
1 &gt; X-Request-Tracking-Id: f163b0b1-d698-417b-88eb-35075a19d914
{&quot;type&quot;:&quot;IMSI&quot;,&quot;IMSI&quot;:&quot;35646316464313565746&quot;}

22:51:34.159 [pool-1-thread-1] DEBUG com.intuit.karate - 
1 &lt; 201
1 &lt; Age: 0
1 &lt; Connection: close
1 &lt; Content-Length: 27
1 &lt; Content-Type: text/html; charset=UTF-8
1 &lt; Date: Thu, 05 Jul 2018 17:21:31 GMT
1 &lt; Server: Apache/2.4.10 (Debian)
1 &lt; Set-Cookie: [REMEMBER_ME=I+will+remember+you, KEYCLOAK_IDENTITY=eyJhbGciOiJSUzI1NiJ9.eyJqdGkiOiJmNzU3MjU3Mi1jMGI3LTQ4ZGYtYTZjMC0xZmMxOWM1ZmU3MzEiLCJleHAiOjE1MjMwNTgxOTUsIm5iZiI6MCwiaWF0IjoxNTIzMDIyMTk1LCJpc3MiOiJodHRwOi8vZGV2LXNzby5ocnZhdHNraXRlbGVrb20uaHI6ODAvYXV0aC9yZWFsbXMvSFRFeHRlcm5hbCIsInN1YiI6IjBlMTIwODQxLWVjMzItNDY2Yi05YmJkLTdiMDQwYzYwNGI5MiIsInNlc3Npb25fc3RhdGUiOiJhYmU3YmY5Yi01OTkzLTQ5NTgtYTEyMy04MmI1YzU0ZDhhMzgiLCJyZXNvdXJjZV9hY2Nlc3MiOnt9fQ.NEMKNMzdy8nOxhOGTsuYPntfXZGHU57NJr4R7MpzWeIxiQSkSoQf8FxuR4_b9af2T5H6-TQkLcVuitYv-LXK8MLzfswgeY9GcpoWyxjrvfFjY4dWxRm91m68DuhzKq9DF8AxKF86aMcZO62eXs1GBujkh2mIbYZiuG7KCjRdk9DeOhzDX8PgRYob4oqfL-YFdYVkIJwbNe7JQS0hGukhHMxIiv93q4TVei-B1iWsh0ypFULjtrz_n36eLRo-OnDwNhK2njBwKG6_fL2iTJl9nER9v_SVWjtkRnA4ivg-ChQy7Ft8uaqpVF0BjhcLBTBOWPd9lSFFeH1wrRnWgpItUw]
1 &lt; Via: 1.1 varnish (Varnish/5.2)
1 &lt; X-Backend: default
1 &lt; X-Cache: MISS
1 &lt; X-Varnish: 219291506
{&quot;serviceId&quot;:&quot;06301234567&quot;}

22:51:34.164 [pool-1-thread-1] DEBUG com.intuit.karate - response time in milliseconds: 5556
22:51:34.168 [pool-1-thread-1] INFO  com.intuit.karate - [print] {
  &quot;serviceId&quot;: &quot;06301234567&quot;
}

22:51:34.175 [pool-1-thread-1] INFO  com.intuit.karate - [print] com.intuit.karate.http.HttpRequest@46917b0d
22:51:34.181 [pool-1-thread-1] INFO  com.intuit.karate - [print] {
  &quot;Accept-Encoding&quot;: [
    &quot;gzip,deflate&quot;
  ],
  &quot;Authorization&quot;: [
    &quot;mito_mock_api_key_12as51-gfhkn3-132&quot;
  ],
  &quot;Connection&quot;: [
    &quot;Keep-Alive&quot;
  ],
  &quot;Content-Length&quot;: [
    &quot;45&quot;
  ],
  &quot;Content-Type&quot;: [
    &quot;application/json; charset=UTF-8&quot;
  ],
  &quot;Host&quot;: [
    &quot;dev.mito.hu&quot;
  ],
  &quot;User-Agent&quot;: [
    &quot;Apache-HttpClient/4.5.4 (Java/1.8.0_172)&quot;
  ],
  &quot;X-Client-Version&quot;: [
    &quot;0.33.0 (8) @ 8-91796ed (master)&quot;
  ],
  &quot;X-Request-Session-Id&quot;: [
    &quot;b223ea7a-7204-46ea-b010-af0c19c937c8&quot;
  ],
  &quot;X-Request-Tracking-Id&quot;: [
    &quot;f163b0b1-d698-417b-88eb-35075a19d914&quot;
  ]
}

22:51:34.195 [pool-1-thread-1] INFO  com.intuit.karate - [print]
22:51:34.204 [pool-1-thread-1] DEBUG com.intuit.karate - 
1 &gt; POST http://dev.mito.hu/oneapp/pin/
1 &gt; Accept-Encoding: gzip,deflate
1 &gt; Connection: Keep-Alive
1 &gt; Content-Length: 74
1 &gt; Content-Type: application/json; charset=UTF-8
1 &gt; Host: dev.mito.hu
1 &gt; User-Agent: Apache-HttpClient/4.5.4 (Java/1.8.0_172)
{&quot;context&quot;:&quot;login&quot;,&quot;serviceType&quot;:&quot;phoneNumber&quot;,&quot;serviceId&quot;:&quot;385981111111&quot;}

22:51:34.748 [pool-1-thread-1] DEBUG com.intuit.karate - 
1 &lt; 200
1 &lt; Accept-Ranges: bytes
1 &lt; Age: 0
1 &lt; Cache-Control: no-cache, no-store, must-revalidate
1 &lt; Connection: close
1 &lt; Content-Length: 52
1 &lt; Content-Type: application/json; charset=utf-8
1 &lt; Date: Thu, 05 Jul 2018 17:21:34 GMT
1 &lt; Expires: 0
1 &lt; Pragma: no-cache
1 &lt; Server: Apache/2.4.10 (Debian)
1 &lt; Set-Cookie: REMEMBER_ME=I+will+remember+you
1 &lt; Via: 1.1 varnish (Varnish/5.2)
1 &lt; X-Backend: default
1 &lt; X-Cache: MISS
1 &lt; X-Varnish: 216063909
{&quot;serviceId&quot;:&quot;385981111111&quot;,&quot;nonce&quot;:&quot;5b3e539e90586&quot;}

22:51:34.749 [pool-1-thread-1] DEBUG com.intuit.karate - response time in milliseconds: 545
22:51:34.772 [pool-1-thread-1] DEBUG com.intuit.karate - 
2 &gt; PUT http://dev.mito.hu/oneapp/pin/pin
2 &gt; Accept-Encoding: gzip,deflate
2 &gt; Connection: Keep-Alive
2 &gt; Content-Length: 117
2 &gt; Content-Type: application/json; charset=UTF-8
2 &gt; Cookie: REMEMBER_ME=I+will+remember+you
2 &gt; Host: dev.mito.hu
2 &gt; User-Agent: Apache-HttpClient/4.5.4 (Java/1.8.0_172)
{&quot;context&quot;:&quot;service&quot;,&quot;serviceType&quot;:&quot;phoneNumber&quot;,&quot;serviceId&quot;:&quot;3859811111111111&quot;,&quot;PIN&quot;:&quot;1234&quot;,&quot;nonce&quot;:&quot;5b3e539e90586&quot;}

22:51:35.359 [pool-1-thread-1] DEBUG com.intuit.karate - 
2 &lt; 405
2 &lt; Age: 0
2 &lt; Allow: GET,HEAD,POST,OPTIONS
2 &lt; Connection: close
2 &lt; Content-Length: 312
2 &lt; Content-Type: text/html; charset=iso-8859-1
2 &lt; Date: Thu, 05 Jul 2018 17:21:35 GMT
2 &lt; Server: Apache/2.4.10 (Debian)
2 &lt; Via: 1.1 varnish (Varnish/5.2)
2 &lt; X-Backend: default
2 &lt; X-Cache: MISS
2 &lt; X-Varnish: 219077423
&lt;!DOCTYPE HTML PUBLIC &quot;-//IETF//DTD HTML 2.0//EN&quot;&gt;
&lt;html&gt;&lt;head&gt;
&lt;title&gt;405 Method Not Allowed&lt;/title&gt;
&lt;/head&gt;&lt;body&gt;
&lt;h1&gt;Method Not Allowed&lt;/h1&gt;
&lt;p&gt;The requested method PUT is not allowed for the URL /oneapp/pin/pin.&lt;/p&gt;
&lt;hr&gt;
&lt;address&gt;Apache/2.4.10 (Debian) Server at dev.mito.hu Port 80&lt;/address&gt;
&lt;/body&gt;&lt;/html&gt;


22:51:35.360 [pool-1-thread-1] DEBUG com.intuit.karate - response time in milliseconds: 589
22:51:35.375 [pool-1-thread-1] WARN  com.intuit.karate - xml parsing failed, response data type set to string: org.xml.sax.SAXParseException; lineNumber: 1; columnNumber: 50; White spaces are required between publicId and systemId.
22:51:35.376 [pool-1-thread-1] ERROR com.intuit.karate - status code was: 405, expected: 200, response time: 589, url: http://dev.mito.hu/oneapp/pin/pin, response: &lt;!DOCTYPE HTML PUBLIC &quot;-//IETF//DTD HTML 2.0//EN&quot;&gt;
&lt;html&gt;&lt;head&gt;
&lt;title&gt;405 Method Not Allowed&lt;/title&gt;
&lt;/head&gt;&lt;body&gt;
&lt;h1&gt;Method Not Allowed&lt;/h1&gt;
&lt;p&gt;The requested method PUT is not allowed for the URL /oneapp/pin/pin.&lt;/p&gt;
&lt;hr&gt;
&lt;address&gt;Apache/2.4.10 (Debian) Server at dev.mito.hu Port 80&lt;/address&gt;
&lt;/body&gt;&lt;/html&gt;

22:51:35.378 [pool-1-thread-1] INFO  c.i.karate.cucumber.CucumberRunner - &lt;&lt;&lt;&lt; feature 1 of 1 on thread pool-1-thread-1: Header/Headers.feature
---------------------------------------------------------
feature: Header.Headers
report: target/surefire-reports/TEST-Header.Headers.xml
scenarios:  2 | failed:  1 | skipped:  0 | time: 6.93
---------------------------------------------------------
====================================================
elapsed time: 7.73 | total thread time: 6.93
features:     1 | threads:   5 | efficiency: 0.18
scenarios:    2 | failed:    1 | skipped:    0
====================================================
failed features:
Header.Headers: [com.intuit.karate.exception.KarateException: status code was: 405, expected: 200, response time: 589, url: http://dev.mito.hu/oneapp/pin/pin, response: &lt;!DOCTYPE HTML PUBLIC &quot;-//IETF//DTD HTML 2.0//EN&quot;&gt;
&lt;html&gt;&lt;head&gt;
&lt;title&gt;405 Method Not Allowed&lt;/title&gt;
&lt;/head&gt;&lt;body&gt;
&lt;h1&gt;Method Not Allowed&lt;/h1&gt;
&lt;p&gt;The requested method PUT is not allowed for the URL /oneapp/pin/pin.&lt;/p&gt;
&lt;hr&gt;
&lt;address&gt;Apache/2.4.10 (Debian) Server at dev.mito.hu Port 80&lt;/address&gt;
&lt;/body&gt;&lt;/html&gt;

	at com.intuit.karate.StepDefs.status(StepDefs.java:480)
	at âœ½.Then status 200(Header/Headers.feature:31)
]
</system-out>
    <system-err>[Fatal Error] :1:50: White spaces are required between publicId and systemId.
</system-err>
  </testcase>
</testsuite>