<?xml version="1.0" encoding="UTF-8" ?>
<testsuite tests="1" failures="1" name="Onboarding.OnboardingRunner" time="8.363" errors="0" skipped="0">
  <properties>
[...]
</properties>
  <testcase classname="Onboarding.OnboardingRunner" name="testParallel" time="8.362">
    <failure message="there are scenario failures" type="java.lang.AssertionError">java.lang.AssertionError: there are scenario failures
	at org.junit.Assert.fail(Assert.java:88)
	at org.junit.Assert.assertTrue(Assert.java:41)
	at runners.GenerateReport.testParallel(GenerateReport.java:31)
	at sun.reflect.NativeMethodAccessorImpl.invoke0(Native Method)
	at sun.reflect.NativeMethodAccessorImpl.invoke(NativeMethodAccessorImpl.java:62)
	at sun.reflect.DelegatingMethodAccessorImpl.invoke(DelegatingMethodAccessorImpl.java:43)
	at java.lang.reflect.Method.invoke(Method.java:498)
	at org.junit.runners.model.FrameworkMethod$1.runReflectiveCall(FrameworkMethod.java:50)
	at org.junit.internal.runners.model.ReflectiveCallable.run(ReflectiveCallable.java:12)
	at org.junit.runners.model.FrameworkMethod.invokeExplosively(FrameworkMethod.java:47)
	at org.junit.internal.runners.statements.InvokeMethod.evaluate(InvokeMethod.java:17)
	at org.junit.runners.ParentRunner.runLeaf(ParentRunner.java:325)
	at org.junit.runners.BlockJUnit4ClassRunner.runChild(BlockJUnit4ClassRunner.java:78)
	at org.junit.runners.BlockJUnit4ClassRunner.runChild(BlockJUnit4ClassRunner.java:57)
	at org.junit.runners.ParentRunner$3.run(ParentRunner.java:290)
	at org.junit.runners.ParentRunner$1.schedule(ParentRunner.java:71)
	at org.junit.runners.ParentRunner.runChildren(ParentRunner.java:288)
	at org.junit.runners.ParentRunner.access$000(ParentRunner.java:58)
	at org.junit.runners.ParentRunner$2.evaluate(ParentRunner.java:268)
	at org.junit.internal.runners.statements.RunBefores.evaluate(RunBefores.java:26)
	at org.junit.runners.ParentRunner.run(ParentRunner.java:363)
	at org.apache.maven.surefire.junit4.JUnit4TestSet.execute(JUnit4TestSet.java:53)
	at org.apache.maven.surefire.junit4.JUnit4Provider.executeTestSet(JUnit4Provider.java:123)
	at org.apache.maven.surefire.junit4.JUnit4Provider.invoke(JUnit4Provider.java:104)
	at sun.reflect.NativeMethodAccessorImpl.invoke0(Native Method)
	at sun.reflect.NativeMethodAccessorImpl.invoke(NativeMethodAccessorImpl.java:62)
	at sun.reflect.DelegatingMethodAccessorImpl.invoke(DelegatingMethodAccessorImpl.java:43)
	at java.lang.reflect.Method.invoke(Method.java:498)
	at org.apache.maven.surefire.util.ReflectionUtils.invokeMethodWithArray(ReflectionUtils.java:164)
	at org.apache.maven.surefire.booter.ProviderFactory$ProviderProxy.invoke(ProviderFactory.java:110)
	at org.apache.maven.surefire.booter.SurefireStarter.invokeProvider(SurefireStarter.java:175)
	at org.apache.maven.surefire.booter.SurefireStarter.runSuitesInProcessWhenForked(SurefireStarter.java:107)
	at org.apache.maven.surefire.booter.ForkedBooter.main(ForkedBooter.java:68)
</failure>
    <system-out>22:51:36.618 [pool-3-thread-1] WARN  com.intuit.karate - not a js function or feature file:  - [type: NULL, value: null]
22:51:36.619 [pool-3-thread-1] DEBUG com.intuit.karate - cached callonce: 
22:51:36.631 [pool-3-thread-1] DEBUG com.intuit.karate - 
1 &gt; POST http://18.184.255.205:8888/api/login
1 &gt; Accept-Encoding: gzip,deflate
1 &gt; Connection: Keep-Alive
1 &gt; Content-Length: 208
1 &gt; Content-Type: application/json; charset=UTF-8
1 &gt; Host: 18.184.255.205:8888
1 &gt; User-Agent: Apache-HttpClient/4.5.4 (Java/1.8.0_172)
{&quot;type&quot;:&quot;headerEnrichment&quot;,&quot;serviceId&quot;:&quot;4/PzOJ+h/MmrEdvJSpLdwg==&quot;,&quot;device&quot;:{&quot;id&quot;:&quot;6b0db8f1-d59e-4eed-b023-ee6820839a45&quot;,&quot;model&quot;:&quot;Samsung S8&quot;,&quot;pushToken&quot;:&quot;d968ba80-a4da-4527-a9aa-97de4de8ecee&quot;,&quot;os&quot;:&quot;android&quot;}}

22:51:37.516 [pool-3-thread-1] DEBUG com.intuit.karate - 
1 &lt; 200
1 &lt; Content-Type: application/json
1 &lt; Date: Thu, 05 Jul 2018 17:21:37 GMT
1 &lt; Transfer-Encoding: chunked
1 &lt; X-Application-Context: application:8888
{
  &quot;accessToken&quot; : &quot;eyJhbGciOiJIUzI1NiIsInR5cCI6IkpXVCJ9.eyJpc3MiOiJ0b3B0YWwuY29tIiwiZXhwIjoxNDI2NDIwODAwLCJodHRwOi8vdG9wdGFsLmNvbS9qd3RfY2xhaW1zL2lzX2FkbWluIjp0cnVlLCJjb21wYW55IjoiVG9wdGFsIiwiYXdlc29tZSI6dHJ1ZX0.yRQYnWzskCZUxPwaQupWkiUzKELZ49eM7oWxAQK_ZXw&quot;,
  &quot;accessExpiresIn&quot; : 300,
  &quot;idToken&quot; : &quot;1234zskCZUxPwaQupWkiUzKELZ49eM7oWxAQK_ZXw&quot;,
  &quot;refreshToken&quot; : &quot;QYnWzskCZUxPwaQupWkiUzKELZ49eM7oWxAQK_ZXw&quot;,
  &quot;refreshExpiresIn&quot; : 1800
}

22:51:37.516 [pool-3-thread-1] DEBUG com.intuit.karate - response time in milliseconds: 885
22:51:37.525 [pool-3-thread-1] DEBUG com.intuit.karate - callonce cache hit for: 
22:51:37.531 [pool-3-thread-1] DEBUG com.intuit.karate - 
1 &gt; POST http://18.184.255.205:8888/api/login
1 &gt; Accept-Encoding: gzip,deflate
1 &gt; Connection: Keep-Alive
1 &gt; Content-Length: 45
1 &gt; Content-Type: application/json; charset=UTF-8
1 &gt; Host: 18.184.255.205:8888
1 &gt; User-Agent: Apache-HttpClient/4.5.4 (Java/1.8.0_172)
{&quot;type&quot;:&quot;IMSI&quot;,&quot;IMSI&quot;:&quot;35646316464313565746&quot;}

22:51:40.890 [pool-3-thread-1] DEBUG com.intuit.karate - 
1 &lt; 202
1 &lt; Content-Type: application/json
1 &lt; Date: Thu, 05 Jul 2018 17:21:38 GMT
1 &lt; Transfer-Encoding: chunked
1 &lt; X-Application-Context: application:8888
{
  &quot;serviceId&quot; : &quot;3859811111111&quot;
}

22:51:40.890 [pool-3-thread-1] DEBUG com.intuit.karate - response time in milliseconds: 3360
22:51:40.901 [pool-3-thread-1] DEBUG com.intuit.karate - callonce cache hit for: 
22:51:40.914 [pool-3-thread-1] DEBUG com.intuit.karate - 
1 &gt; POST http://18.184.255.205:8888/api/login
1 &gt; Accept-Encoding: gzip,deflate
1 &gt; Connection: Keep-Alive
1 &gt; Content-Length: 207
1 &gt; Content-Type: application/json; charset=UTF-8
1 &gt; Host: 18.184.255.205:8888
1 &gt; User-Agent: Apache-HttpClient/4.5.4 (Java/1.8.0_172)
{&quot;type&quot;:&quot;telekom&quot;,&quot;telekomLogin&quot;:{&quot;username&quot;:&quot;a&quot;,&quot;password&quot;:&quot;a&quot;},&quot;device&quot;:{&quot;id&quot;:&quot;6b0db8f1-d59e-4eed-b023-ee6820839a45&quot;,&quot;model&quot;:&quot;Samsung S8&quot;,&quot;pushToken&quot;:&quot;d968ba80-a4da-4527-a9aa-97de4de8ecee&quot;,&quot;os&quot;:&quot;android&quot;}}

22:51:41.654 [pool-3-thread-1] DEBUG com.intuit.karate - 
1 &lt; 200
1 &lt; Content-Type: application/json
1 &lt; Date: Thu, 05 Jul 2018 17:21:41 GMT
1 &lt; Transfer-Encoding: chunked
1 &lt; X-Application-Context: application:8888
{
  &quot;accessToken&quot; : &quot;eyJhbGciOiJIUzI1NiIsInR5cCI6IkpXVCJ9.eyJpc3MiOiJ0b3B0YWwuY29tIiwiZXhwIjoxNDI2NDIwODAwLCJodHRwOi8vdG9wdGFsLmNvbS9qd3RfY2xhaW1zL2lzX2FkbWluIjp0cnVlLCJjb21wYW55IjoiVG9wdGFsIiwiYXdlc29tZSI6dHJ1ZX0.yRQYnWzskCZUxPwaQupWkiUzKELZ49eM7oWxAQK_ZXw&quot;,
  &quot;accessExpiresIn&quot; : 300,
  &quot;idToken&quot; : &quot;1234zskCZUxPwaQupWkiUzKELZ49eM7oWxAQK_ZXw&quot;,
  &quot;refreshToken&quot; : &quot;QYnWzskCZUxPwaQupWkiUzKELZ49eM7oWxAQK_ZXw&quot;,
  &quot;refreshExpiresIn&quot; : 1800
}

22:51:41.654 [pool-3-thread-1] DEBUG com.intuit.karate - response time in milliseconds: 741
22:51:41.664 [pool-3-thread-1] DEBUG com.intuit.karate - callonce cache hit for: 
22:51:41.668 [pool-3-thread-1] DEBUG com.intuit.karate - 
1 &gt; POST http://18.184.255.205:8888/api/login
1 &gt; Accept-Encoding: gzip,deflate
1 &gt; Connection: Keep-Alive
1 &gt; Content-Length: 41
1 &gt; Content-Type: application/json; charset=UTF-8
1 &gt; Host: 18.184.255.205:8888
1 &gt; User-Agent: Apache-HttpClient/4.5.4 (Java/1.8.0_172)
{&quot;type&quot;:&quot;&quot;,&quot;IMSI&quot;:&quot;35646316464313565746&quot;}

22:51:42.449 [pool-3-thread-1] DEBUG com.intuit.karate - 
1 &lt; 400
1 &lt; Connection: close
1 &lt; Content-Type: application/json
1 &lt; Date: Thu, 05 Jul 2018 17:21:42 GMT
1 &lt; Transfer-Encoding: chunked
1 &lt; X-Application-Context: application:8888
{
  &quot;id&quot; : &quot;6658c5e3-079a-405c-952c-dc7ad97e66ab&quot;,
  &quot;code&quot; : &quot;BAD_REQUEST&quot;,
  &quot;message&quot; : &quot;Can not deserialize value of type dt.oneapp.bff.flow.onboarding.model.BffLoginData$TypeEnum from String \&quot;\&quot;: value not one of declared Enum instance names: [headerEnrichment, IMSI, ICCID, social, telekom]\n at [Source: org.apache.cxf.transport.http.AbstractHTTPDestination$1@5d654954; line: 1, column: 9] (through reference chain: dt.oneapp.bff.flow.onboarding.model.BffLoginData[\&quot;type\&quot;])&quot;,
  &quot;timestamp&quot; : &quot;2018-07-05T17:21:42.154Z&quot;,
  &quot;stackTrace&quot; : &quot;com.fasterxml.jackson.databind.exc.InvalidFormatException: Can not deserialize value of type dt.oneapp.bff.flow.onboarding.model.BffLoginData$TypeEnum from String \&quot;\&quot;: value not one of declared Enum instance names: [headerEnrichment, IMSI, ICCID, social, telekom]\n at [Source: org.apache.cxf.transport.http.AbstractHTTPDestination$1@5d654954; line: 1, column: 9] (through reference chain: dt.oneapp.bff.flow.onboarding.model.BffLoginData[\&quot;type\&quot;])\n\tat com.fasterxml.jackson.databind.exc.InvalidFormatException.from(InvalidFormatException.java:74)\n\tat com.fasterxml.jackson.databind.DeserializationContext.weirdStringException(DeserializationContext.java:1423)\n\tat com.fasterxml.jackson.databind.DeserializationContext.handleWeirdStringValue(DeserializationContext.java:926)\n\tat com.fasterxml.jackson.databind.deser.std.EnumDeserializer._deserializeAltString(EnumDeserializer.java:189)\n\tat com.fasterxml.jackson.databind.deser.std.EnumDeserializer.deserialize(EnumDeserializer.java:126)\n\tat com.fasterxml.jackson.databind.deser.SettableBeanProperty.deserialize(SettableBeanProperty.java:504)\n\tat com.fasterxml.jackson.databind.deser.BeanDeserializer._deserializeWithErrorWrapping(BeanDeserializer.java:511)\n\tat com.fasterxml.jackson.databind.deser.BeanDeserializer._deserializeUsingPropertyBased(BeanDeserializer.java:400)\n\tat com.fasterxml.jackson.databind.deser.BeanDeserializerBase.deserializeFromObjectUsingNonDefault(BeanDeserializerBase.java:1191)\n\tat com.fasterxml.jackson.databind.deser.BeanDeserializer.deserializeFromObject(BeanDeserializer.java:314)\n\tat com.fasterxml.jackson.databind.deser.BeanDeserializer.deserialize(BeanDeserializer.java:148)\n\tat com.fasterxml.jackson.databind.ObjectReader._bind(ObjectReader.java:1583)\n\tat com.fasterxml.jackson.databind.ObjectReader.readValue(ObjectReader.java:964)\n\tat com.fasterxml.jackson.jaxrs.base.ProviderBase.readFrom(ProviderBase.java:815)\n\tat org.apache.cxf.jaxrs.utils.JAXRSUtils.readFromMessageBodyReader(JAXRSUtils.java:1348)\n\tat org.apache.cxf.jaxrs.utils.JAXRSUtils.readFromMessageBody(JAXRSUtils.java:1299)\n\tat org.apache.cxf.jaxrs.utils.JAXRSUtils.processParameter(JAXRSUtils.java:825)\n\tat org.apache.cxf.jaxrs.utils.JAXRSUtils.processParameters(JAXRSUtils.java:789)\n\tat org.apache.cxf.jaxrs.interceptor.JAXRSInInterceptor.processRequest(JAXRSInInterceptor.java:212)\n\tat org.apache.cxf.jaxrs.interceptor.JAXRSInInterceptor.handleMessage(JAXRSInInterceptor.java:77)\n\tat org.apache.cxf.phase.PhaseInterceptorChain.doIntercept(PhaseInterceptorChain.java:308)\n\tat org.apache.cxf.transport.ChainInitiationObserver.onMessage(ChainInitiationObserver.java:121)\n\tat org.apache.cxf.transport.http.AbstractHTTPDestination.invoke(AbstractHTTPDestination.java:262)\n\tat org.apache.cxf.transport.servlet.ServletController.invokeDestination(ServletController.java:234)\n\tat org.apache.cxf.transport.servlet.ServletController.invoke(ServletController.java:208)\n\tat org.apache.cxf.transport.servlet.ServletController.invoke(ServletController.java:160)\n\tat org.apache.cxf.transport.servlet.CXFNonSpringServlet.invoke(CXFNonSpringServlet.java:180)\n\tat org.apache.cxf.transport.servlet.AbstractHTTPServlet.handleRequest(AbstractHTTPServlet.java:299)\n\tat org.apache.cxf.transport.servlet.AbstractHTTPServlet.doPost(AbstractHTTPServlet.java:218)\n\tat javax.servlet.http.HttpServlet.service(HttpServlet.java:661)\n\tat org.apache.cxf.transport.servlet.AbstractHTTPServlet.service(AbstractHTTPServlet.java:274)\n\tat org.apache.catalina.core.ApplicationFilterChain.internalDoFilter(ApplicationFilterChain.java:231)\n\tat org.apache.catalina.core.ApplicationFilterChain.doFilter(ApplicationFilterChain.java:166)\n\tat org.apache.tomcat.websocket.server.WsFilter.doFilter(WsFilter.java:52)\n\tat org.apache.catalina.core.ApplicationFilterChain.internalDoFilter(ApplicationFilterChain.java:193)\n\tat org.apache.catalina.core.ApplicationFilterChain.doFilter(ApplicationFilterChain.java:166)\n\tat org.springframework.boot.web.filter.ApplicationContextHeaderFilter.doFilterInternal(ApplicationContextHeaderFilter.java:55)\n\tat org.springframework.web.filter.OncePerRequestFilter.doFilter(OncePerRequestFilter.java:107)\n\tat org.apache.catalina.core.ApplicationFilterChain.internalDoFilter(ApplicationFilterChain.java:193)\n\tat org.apache.catalina.core.ApplicationFilterChain.doFilter(ApplicationFilterChain.java:166)\n\tat org.springframework.boot.actuate.trace.WebRequestTraceFilter.doFilterInternal(WebRequestTraceFilter.java:111)\n\tat org.springframework.web.filter.OncePerRequestFilter.doFilter(OncePerRequestFilter.java:107)\n\tat org.apache.catalina.core.ApplicationFilterChain.internalDoFilter(ApplicationFilterChain.java:193)\n\tat org.apache.catalina.core.ApplicationFilterChain.doFilter(ApplicationFilterChain.java:166)\n\tat org.springframework.security.web.FilterChainProxy.doFilterInternal(FilterChainProxy.java:208)\n\tat org.springframework.security.web.FilterChainProxy.doFilter(FilterChainProxy.java:177)\n\tat org.springframework.web.filter.DelegatingFilterProxy.invokeDelegate(DelegatingFilterProxy.java:347)\n\tat org.springframework.web.filter.DelegatingFilterProxy.doFilter(DelegatingFilterProxy.java:263)\n\tat org.apache.catalina.core.ApplicationFilterChain.internalDoFilter(ApplicationFilterChain.java:193)\n\tat org.apache.catalina.core.ApplicationFilterChain.doFilter(ApplicationFilterChain.java:166)\n\tat org.springframework.web.filter.AbstractRequestLoggingFilter.doFilterInternal(AbstractRequestLoggingFilter.java:244)\n\tat org.springframework.web.filter.OncePerRequestFilter.doFilter(OncePerRequestFilter.java:107)\n\tat org.apache.catalina.core.ApplicationFilterChain.internalDoFilter(ApplicationFilterChain.java:193)\n\tat org.apache.catalina.core.ApplicationFilterChain.doFilter(ApplicationFilterChain.java:166)\n\tat org.springframework.web.filter.RequestContextFilter.doFilterInternal(RequestContextFilter.java:99)\n\tat org.springframework.web.filter.OncePerRequestFilter.doFilter(OncePerRequestFilter.java:107)\n\tat org.apache.catalina.core.ApplicationFilterChain.internalDoFilter(ApplicationFilterChain.java:193)\n\tat org.apache.catalina.core.ApplicationFilterChain.doFilter(ApplicationFilterChain.java:166)\n\tat org.springframework.web.filter.HttpPutFormContentFilter.doFilterInternal(HttpPutFormContentFilter.java:109)\n\tat org.springframework.web.filter.OncePerRequestFilter.doFilter(OncePerRequestFilter.java:107)\n\tat org.apache.catalina.core.ApplicationFilterChain.internalDoFilter(ApplicationFilterChain.java:193)\n\tat org.apache.catalina.core.ApplicationFilterChain.doFilter(ApplicationFilterChain.java:166)\n\tat org.springframework.web.filter.HiddenHttpMethodFilter.doFilterInternal(HiddenHttpMethodFilter.java:81)\n\tat org.springframework.web.filter.OncePerRequestFilter.doFilter(OncePerRequestFilter.java:107)\n\tat org.apache.catalina.core.ApplicationFilterChain.internalDoFilter(ApplicationFilterChain.java:193)\n\tat org.apache.catalina.core.ApplicationFilterChain.doFilter(ApplicationFilterChain.java:166)\n\tat org.springframework.web.filter.CharacterEncodingFilter.doFilterInternal(CharacterEncodingFilter.java:197)\n\tat org.springframework.web.filter.OncePerRequestFilter.doFilter(OncePerRequestFilter.java:107)\n\tat org.apache.catalina.core.ApplicationFilterChain.internalDoFilter(ApplicationFilterChain.java:193)\n\tat org.apache.catalina.core.ApplicationFilterChain.doFilter(ApplicationFilterChain.java:166)\n\tat org.springframework.boot.actuate.autoconfigure.MetricsFilter.doFilterInternal(MetricsFilter.java:106)\n\tat org.springframework.web.filter.OncePerRequestFilter.doFilter(OncePerRequestFilter.java:107)\n\tat org.apache.catalina.core.ApplicationFilterChain.internalDoFilter(ApplicationFilterChain.java:193)\n\tat org.apache.catalina.core.ApplicationFilterChain.doFilter(ApplicationFilterChain.java:166)\n\tat org.apache.catalina.core.StandardWrapperValve.invoke(StandardWrapperValve.java:198)\n\tat org.apache.catalina.core.StandardContextValve.invoke(StandardContextValve.java:96)\n\tat org.apache.catalina.authenticator.AuthenticatorBase.invoke(AuthenticatorBase.java:496)\n\tat org.apache.catalina.core.StandardHostValve.invoke(StandardHostValve.java:140)\n\tat org.apache.catalina.valves.ErrorReportValve.invoke(ErrorReportValve.java:81)\n\tat org.apache.catalina.core.StandardEngineValve.invoke(StandardEngineValve.java:87)\n\tat org.apache.catalina.connector.CoyoteAdapter.service(CoyoteAdapter.java:342)\n\tat org.apache.coyote.http11.Http11Processor.service(Http11Processor.java:803)\n\tat org.apache.coyote.AbstractProcessorLight.process(AbstractProcessorLight.java:66)\n\tat org.apache.coyote.AbstractProtocol$ConnectionHandler.process(AbstractProtocol.java:790)\n\tat org.apache.tomcat.util.net.NioEndpoint$SocketProcessor.doRun(NioEndpoint.java:1459)\n\tat org.apache.tomcat.util.net.SocketProcessorBase.run(SocketProcessorBase.java:49)\n\tat java.util.concurrent.ThreadPoolExecutor.runWorker(ThreadPoolExecutor.java:1149)\n\tat java.util.concurrent.ThreadPoolExecutor$Worker.run(ThreadPoolExecutor.java:624)\n\tat org.apache.tomcat.util.threads.TaskThread$WrappingRunnable.run(TaskThread.java:61)\n\tat java.lang.Thread.run(Thread.java:748)\n&quot;
}

22:51:42.451 [pool-3-thread-1] DEBUG com.intuit.karate - response time in milliseconds: 783
22:51:42.470 [pool-3-thread-1] DEBUG com.intuit.karate - callonce cache hit for: 
22:51:42.477 [pool-3-thread-1] DEBUG com.intuit.karate - 
1 &gt; POST http://18.184.255.205:8888/api/pin
1 &gt; Accept-Encoding: gzip,deflate
1 &gt; Connection: Keep-Alive
1 &gt; Content-Length: 74
1 &gt; Content-Type: application/json; charset=UTF-8
1 &gt; Host: 18.184.255.205:8888
1 &gt; User-Agent: Apache-HttpClient/4.5.4 (Java/1.8.0_172)
{&quot;context&quot;:&quot;login&quot;,&quot;serviceType&quot;:&quot;phoneNumber&quot;,&quot;serviceId&quot;:&quot;385981111111&quot;}

22:51:43.973 [pool-3-thread-1] DEBUG com.intuit.karate - 
1 &lt; 200
1 &lt; Content-Type: application/json
1 &lt; Date: Thu, 05 Jul 2018 17:21:43 GMT
1 &lt; Transfer-Encoding: chunked
1 &lt; X-Application-Context: application:8888
{
  &quot;serviceId&quot; : &quot;+385981111111&quot;,
  &quot;nonce&quot; : &quot;2ac283f3-59b1-4c5b-89a0-cdc4ef9addfb&quot;
}

22:51:43.974 [pool-3-thread-1] DEBUG com.intuit.karate - response time in milliseconds: 1497
22:51:43.980 [pool-3-thread-1] DEBUG com.intuit.karate - 
2 &gt; PUT http://18.184.255.205:8888/api/pin
2 &gt; Accept-Encoding: gzip,deflate
2 &gt; Connection: Keep-Alive
2 &gt; Content-Length: 140
2 &gt; Content-Type: application/json; charset=UTF-8
2 &gt; Host: 18.184.255.205:8888
2 &gt; User-Agent: Apache-HttpClient/4.5.4 (Java/1.8.0_172)
{&quot;context&quot;:&quot;service&quot;,&quot;serviceType&quot;:&quot;phoneNumber&quot;,&quot;serviceId&quot;:&quot;3859811111111111&quot;,&quot;PIN&quot;:&quot;1234&quot;,&quot;nonce&quot;:&quot;2ac283f3-59b1-4c5b-89a0-cdc4ef9addfb&quot;}

22:51:44.575 [pool-3-thread-1] DEBUG com.intuit.karate - 
2 &lt; 200
2 &lt; Content-Type: application/json
2 &lt; Date: Thu, 05 Jul 2018 17:21:44 GMT
2 &lt; Transfer-Encoding: chunked
2 &lt; X-Application-Context: application:8888
{
  &quot;serviceId&quot; : &quot;3859811111111111&quot;
}

22:51:44.575 [pool-3-thread-1] DEBUG com.intuit.karate - response time in milliseconds: 596
22:51:44.577 [pool-3-thread-1] ERROR com.intuit.karate - assertion failed: path: $.serviceId, actual: &apos;3859811111111111&apos;, expected: &apos;4567838239123017&apos;, reason: not equal
22:51:44.579 [pool-3-thread-1] INFO  c.i.karate.cucumber.CucumberRunner - &lt;&lt;&lt;&lt; feature 1 of 1 on thread pool-3-thread-1: Onboarding/Onboarding.feature
---------------------------------------------------------
feature: Onboarding.Onboarding
report: target/surefire-reports/TEST-Onboarding.Onboarding.xml
scenarios:  5 | failed:  1 | skipped:  0 | time: 7.91
---------------------------------------------------------
====================================================
elapsed time: 7.99 | total thread time: 7.91
features:     1 | threads:   5 | efficiency: 0.20
scenarios:    5 | failed:    1 | skipped:    0
====================================================
failed features:
Onboarding.Onboarding: [com.intuit.karate.exception.KarateException: path: $.serviceId, actual: &apos;3859811111111111&apos;, expected: &apos;4567838239123017&apos;, reason: not equal
	at com.intuit.karate.StepDefs.matchNamed(StepDefs.java:540)
	at com.intuit.karate.StepDefs.matchContains(StepDefs.java:532)
	at ✽.And match response contains {serviceId:&apos;4567838239123017&apos;}(Onboarding/Onboarding.feature:64)
]
</system-out>
  </testcase>
</testsuite>